<?xml version="1.0" encoding="UTF-8"?>
<!-- Generated by org.testng.reporters.JUnitReportReporter -->
<testsuite hostname="MITHU" failures="0" tests="1" name="TestRunner.testRunner" time="9.895" errors="0" timestamp="2022-05-27T03:29:34 EDT" skipped="0">
  <testcase classname="TestRunner.testRunner" name="feature" time="9.895"/>
  <system-out/>
</testsuite> <!-- TestRunner.testRunner -->
